2023-03-17 16:02:04,528:INFO:PyCaret Supervised Module
2023-03-17 16:02:04,528:INFO:ML Usecase: regression
2023-03-17 16:02:04,528:INFO:version 2.2.2
2023-03-17 16:02:04,534:INFO:Initializing setup()
2023-03-17 16:02:04,534:INFO:setup(target=avg_temp, ml_usecase=regression, available_plots={'parameter': 'Hyperparameters', 'residuals': 'Residuals', 'error': 'Prediction Error', 'cooks': 'Cooks Distance', 'rfe': 'Feature Selection', 'learning': 'Learning Curve', 'manifold': 'Manifold Learning', 'vc': 'Validation Curve', 'feature': 'Feature Importance', 'feature_all': 'Feature Importance (All)', 'tree': 'Decision Tree'}, train_size=0.7, test_data=None, preprocess=True, imputation_type=simple, iterative_imputation_iters=5, categorical_features=None, categorical_imputation=constant, categorical_iterative_imputer=lightgbm, ordinal_features=None, high_cardinality_features=None, high_cardinality_method=frequency, numeric_features=None, numeric_imputation=mean, numeric_iterative_imputer=lightgbm, date_features=None, ignore_features=None, normalize=False, normalize_method=zscore, transformation=False, transformation_method=yeo-johnson, handle_unknown_categorical=True, unknown_categorical_method=least_frequent, pca=False, pca_method=linear, pca_components=None, ignore_low_variance=False, combine_rare_levels=False, rare_level_threshold=0.1, bin_numeric_features=None, remove_outliers=False, outliers_threshold=0.05, remove_multicollinearity=False, multicollinearity_threshold=0.9, remove_perfect_collinearity=True, create_clusters=False, cluster_iter=20, polynomial_features=False, polynomial_degree=2, trigonometry_features=False, polynomial_threshold=0.1, group_features=None, group_names=None, feature_selection=False, feature_selection_threshold=0.8, feature_selection_method=classic, feature_interaction=False, feature_ratio=False, interaction_threshold=0.01, fix_imbalance=False, fix_imbalance_method=None, transform_target=False, transform_target_method=box-cox, data_split_shuffle=True, data_split_stratify=False, fold_strategy=kfold, fold=10, fold_shuffle=False, fold_groups=None, n_jobs=-1, use_gpu=False, custom_pipeline=None, html=True, session_id=None, log_experiment=False, experiment_name=None, log_plots=False, log_profile=False, log_data=False, silent=True, verbose=True, profile=False, profile_kwargs=None, display=None)
2023-03-17 16:02:04,534:INFO:Checking environment
2023-03-17 16:02:04,534:INFO:python_version: 3.9.12
2023-03-17 16:02:04,534:INFO:python_build: ('main', 'Apr  4 2022 05:22:27')
2023-03-17 16:02:04,534:INFO:machine: AMD64
2023-03-17 16:02:04,568:INFO:platform: Windows-10-10.0.22621-SP0
2023-03-17 16:02:04,568:INFO:Memory: svmem(total=8327782400, available=2475311104, percent=70.3, used=5852471296, free=2475311104)
2023-03-17 16:02:04,568:INFO:Physical Core: 4
2023-03-17 16:02:04,568:INFO:Logical Core: 8
2023-03-17 16:02:04,568:INFO:Checking libraries
2023-03-17 16:02:04,568:INFO:pd==1.4.2
2023-03-17 16:02:04,568:INFO:numpy==1.21.5
2023-03-17 16:02:04,568:INFO:sklearn==1.0.2
2023-03-17 16:02:04,640:INFO:xgboost==1.7.4
2023-03-17 16:02:04,640:INFO:lightgbm==3.3.5
2023-03-17 16:02:04,697:INFO:catboost==1.1.1
2023-03-17 16:02:05,802:INFO:mlflow==2.2.2
2023-03-17 16:02:05,802:INFO:Checking Exceptions
2023-03-17 16:02:05,802:INFO:Declaring global variables
2023-03-17 16:02:05,802:INFO:USI: cc41
2023-03-17 16:02:05,802:INFO:pycaret_globals: {'y', 'fix_imbalance_method_param', 'log_plots_param', 'fix_imbalance_param', 'exp_name_log', 'transform_target_method_param', 'logging_param', 'y_train', 'experiment__', 'fold_shuffle_param', '_all_metrics', 'stratify_param', 'fold_param', 'display_container', 'pycaret_globals', 'USI', 'gpu_param', 'imputation_classifier', 'target_param', 'X_train', '_all_models', 'iterative_imputation_iters_param', 'X_test', 'seed', '_gpu_n_jobs_param', 'X', 'master_model_container', '_available_plots', 'n_jobs_param', 'create_model_container', 'y_test', 'html_param', 'fold_generator', 'prep_pipe', '_internal_pipeline', 'imputation_regressor', '_ml_usecase', '_all_models_internal', 'fold_groups_param', 'data_before_preprocess', 'transform_target_param'}
2023-03-17 16:02:05,802:INFO:Preparing display monitor
2023-03-17 16:02:05,810:INFO:Preparing display monitor
2023-03-17 16:02:05,818:INFO:Importing libraries
2023-03-17 16:02:05,818:INFO:Copying data for preprocessing
2023-03-17 16:02:05,818:INFO:Declaring preprocessing parameters
2023-03-17 16:02:05,834:INFO:Creating preprocessing pipeline
2023-03-17 16:02:05,834:INFO:Preprocessing pipeline created successfully
2023-03-17 16:02:05,834:ERROR:(Process Exit): setup has been interupted with user command 'quit'. setup must rerun.
2023-03-17 16:02:05,834:INFO:Creating global containers
2023-03-17 16:02:18,486:INFO:PyCaret Supervised Module
2023-03-17 16:02:18,486:INFO:ML Usecase: regression
2023-03-17 16:02:18,486:INFO:version 2.2.2
2023-03-17 16:02:18,486:INFO:Initializing setup()
2023-03-17 16:02:18,486:INFO:setup(target=year, ml_usecase=regression, available_plots={'parameter': 'Hyperparameters', 'residuals': 'Residuals', 'error': 'Prediction Error', 'cooks': 'Cooks Distance', 'rfe': 'Feature Selection', 'learning': 'Learning Curve', 'manifold': 'Manifold Learning', 'vc': 'Validation Curve', 'feature': 'Feature Importance', 'feature_all': 'Feature Importance (All)', 'tree': 'Decision Tree'}, train_size=0.7, test_data=None, preprocess=True, imputation_type=simple, iterative_imputation_iters=5, categorical_features=None, categorical_imputation=constant, categorical_iterative_imputer=lightgbm, ordinal_features=None, high_cardinality_features=None, high_cardinality_method=frequency, numeric_features=None, numeric_imputation=mean, numeric_iterative_imputer=lightgbm, date_features=None, ignore_features=None, normalize=False, normalize_method=zscore, transformation=False, transformation_method=yeo-johnson, handle_unknown_categorical=True, unknown_categorical_method=least_frequent, pca=False, pca_method=linear, pca_components=None, ignore_low_variance=False, combine_rare_levels=False, rare_level_threshold=0.1, bin_numeric_features=None, remove_outliers=False, outliers_threshold=0.05, remove_multicollinearity=False, multicollinearity_threshold=0.9, remove_perfect_collinearity=True, create_clusters=False, cluster_iter=20, polynomial_features=False, polynomial_degree=2, trigonometry_features=False, polynomial_threshold=0.1, group_features=None, group_names=None, feature_selection=False, feature_selection_threshold=0.8, feature_selection_method=classic, feature_interaction=False, feature_ratio=False, interaction_threshold=0.01, fix_imbalance=False, fix_imbalance_method=None, transform_target=False, transform_target_method=box-cox, data_split_shuffle=True, data_split_stratify=False, fold_strategy=kfold, fold=10, fold_shuffle=False, fold_groups=None, n_jobs=-1, use_gpu=False, custom_pipeline=None, html=True, session_id=None, log_experiment=False, experiment_name=None, log_plots=False, log_profile=False, log_data=False, silent=True, verbose=True, profile=False, profile_kwargs=None, display=None)
2023-03-17 16:02:18,486:INFO:Checking environment
2023-03-17 16:02:18,486:INFO:python_version: 3.9.12
2023-03-17 16:02:18,486:INFO:python_build: ('main', 'Apr  4 2022 05:22:27')
2023-03-17 16:02:18,486:INFO:machine: AMD64
2023-03-17 16:02:18,486:INFO:platform: Windows-10-10.0.22621-SP0
2023-03-17 16:02:18,486:INFO:Memory: svmem(total=8327782400, available=2435657728, percent=70.8, used=5892124672, free=2435657728)
2023-03-17 16:02:18,486:INFO:Physical Core: 4
2023-03-17 16:02:18,486:INFO:Logical Core: 8
2023-03-17 16:02:18,486:INFO:Checking libraries
2023-03-17 16:02:18,486:INFO:pd==1.4.2
2023-03-17 16:02:18,486:INFO:numpy==1.21.5
2023-03-17 16:02:18,486:INFO:sklearn==1.0.2
2023-03-17 16:02:18,494:INFO:xgboost==1.7.4
2023-03-17 16:02:18,494:INFO:lightgbm==3.3.5
2023-03-17 16:02:18,496:INFO:catboost==1.1.1
2023-03-17 16:02:18,496:INFO:mlflow==2.2.2
2023-03-17 16:02:18,496:INFO:Checking Exceptions
2023-03-17 16:02:18,496:INFO:Declaring global variables
2023-03-17 16:02:18,496:INFO:USI: fa9e
2023-03-17 16:02:18,496:INFO:pycaret_globals: {'y', 'fix_imbalance_method_param', 'log_plots_param', 'fix_imbalance_param', 'exp_name_log', 'transform_target_method_param', 'logging_param', 'y_train', 'experiment__', 'fold_shuffle_param', '_all_metrics', 'stratify_param', 'fold_param', 'display_container', 'pycaret_globals', 'USI', 'gpu_param', 'imputation_classifier', 'target_param', 'X_train', '_all_models', 'iterative_imputation_iters_param', 'X_test', 'seed', '_gpu_n_jobs_param', 'X', 'master_model_container', '_available_plots', 'n_jobs_param', 'create_model_container', 'y_test', 'html_param', 'fold_generator', 'prep_pipe', '_internal_pipeline', 'imputation_regressor', '_ml_usecase', '_all_models_internal', 'fold_groups_param', 'data_before_preprocess', 'transform_target_param'}
2023-03-17 16:02:18,496:INFO:Preparing display monitor
2023-03-17 16:02:18,496:INFO:Preparing display monitor
2023-03-17 16:02:18,518:INFO:Importing libraries
2023-03-17 16:02:18,518:INFO:Copying data for preprocessing
2023-03-17 16:02:18,518:INFO:Declaring preprocessing parameters
2023-03-17 16:02:18,526:INFO:Creating preprocessing pipeline
2023-03-17 16:02:18,526:INFO:Preprocessing pipeline created successfully
2023-03-17 16:02:18,526:ERROR:(Process Exit): setup has been interupted with user command 'quit'. setup must rerun.
2023-03-17 16:02:18,526:INFO:Creating global containers
